{
  "RSpec": {
    "coverage": {
      "/Users/elizabethchan/Desktop/Makers Academy/week2/oystercard_challenge/spec/journey_spec.rb": [
        1,
        null,
        1,
        null,
        1,
        1,
        null,
        null,
        1,
        1,
        null,
        null,
        1,
        5,
        5,
        5,
        null,
        1,
        4,
        null,
        null,
        1,
        1,
        null,
        null,
        1,
        null,
        1,
        null,
        null,
        1,
        null,
        1,
        null,
        null,
        1,
        1,
        null,
        null,
        null,
        1,
        3,
        null,
        null,
        1,
        2,
        null,
        null,
        1,
        1,
        null,
        null,
        1,
        1,
        null,
        null,
        null
      ],
      "/Users/elizabethchan/Desktop/Makers Academy/week2/oystercard_challenge/lib/journey.rb": [
        1,
        1,
        1,
        null,
        1,
        null,
        1,
        8,
        8,
        null,
        null,
        1,
        3,
        2,
        null,
        null,
        1,
        6,
        null,
        null,
        1,
        6,
        null,
        null
      ],
      "/Users/elizabethchan/Desktop/Makers Academy/week2/oystercard_challenge/spec/journeylog_spec.rb": [
        1,
        null,
        null,
        1,
        null,
        6,
        3,
        6,
        6,
        6,
        null,
        1,
        5,
        5,
        null,
        null,
        null,
        1,
        1,
        1,
        1,
        null,
        null,
        null,
        1,
        1,
        1,
        null,
        1,
        1,
        1,
        null,
        null,
        null,
        null,
        1,
        1,
        1,
        1,
        null,
        1,
        1,
        1,
        1,
        1,
        null,
        null,
        null,
        1,
        null,
        1,
        1,
        null,
        null,
        1,
        1,
        1,
        1,
        1,
        1,
        1,
        null,
        null,
        null,
        null
      ],
      "/Users/elizabethchan/Desktop/Makers Academy/week2/oystercard_challenge/lib/journeylog.rb": [
        1,
        null,
        null,
        null,
        1,
        19,
        19,
        null,
        null,
        1,
        4,
        null,
        null,
        1,
        3,
        3,
        null,
        null,
        1,
        2,
        null,
        null,
        1,
        4,
        null,
        null,
        1,
        0,
        null,
        null,
        null
      ],
      "/Users/elizabethchan/Desktop/Makers Academy/week2/oystercard_challenge/spec/oystercard_spec.rb": [
        1,
        null,
        1,
        null,
        2,
        6,
        1,
        1,
        14,
        null,
        1,
        13,
        13,
        13,
        null,
        null,
        null,
        null,
        1,
        1,
        1,
        null,
        null,
        1,
        1,
        1,
        null,
        null,
        1,
        4,
        null,
        null,
        1,
        1,
        1,
        1,
        2,
        null,
        null,
        null,
        1,
        1,
        null,
        1,
        null,
        null,
        1,
        null,
        1,
        2,
        null,
        null,
        1,
        1,
        null,
        1,
        1,
        1,
        0,
        null,
        null,
        null,
        1,
        1,
        1,
        null,
        null,
        null,
        1,
        1,
        1,
        0,
        null,
        null,
        null,
        null,
        1,
        1,
        1,
        1,
        0,
        0,
        null,
        null,
        1,
        1,
        1,
        0,
        0,
        null,
        null,
        1,
        1,
        1,
        0,
        null,
        null,
        1,
        1,
        1,
        1,
        1,
        0,
        0,
        null,
        null,
        null,
        null
      ],
      "/Users/elizabethchan/Desktop/Makers Academy/week2/oystercard_challenge/lib/oystercard.rb": [
        1,
        1,
        1,
        null,
        1,
        null,
        1,
        1,
        1,
        null,
        1,
        null,
        1,
        14,
        14,
        14,
        null,
        null,
        1,
        11,
        10,
        null,
        null,
        1,
        1,
        0,
        null,
        null,
        1,
        7,
        6,
        null,
        0,
        0,
        null,
        null,
        1,
        0,
        0,
        0,
        0,
        null,
        null,
        1,
        1,
        7,
        null,
        null,
        1,
        0,
        0,
        null,
        null,
        1,
        7,
        null,
        null,
        1,
        1,
        null,
        null,
        1,
        7,
        null,
        null,
        1,
        0,
        null,
        null,
        1,
        0,
        null,
        null,
        null
      ],
      "/Users/elizabethchan/Desktop/Makers Academy/week2/oystercard_challenge/lib/station.rb": [
        1,
        null,
        1,
        null,
        1,
        4,
        4,
        null,
        null
      ],
      "/Users/elizabethchan/Desktop/Makers Academy/week2/oystercard_challenge/spec/station_spec.rb": [
        1,
        null,
        1,
        null,
        3,
        null,
        1,
        1,
        null,
        null,
        1,
        1,
        null,
        null
      ]
    },
    "timestamp": 1502463912
  }
}
